数据库链接>>>>>>>> 2020年04-11 18:06:09 

   ____    __
  / __/___/ /  ___
 / _// __/ _ \/ _ \
/___/\__/_//_/\___/ v3.3.10-dev
High performance, minimalist Go web framework
https://echo.labstack.com
____________________________________O/_______
                                    O\
⇨ http server started on [::]:8080
method=GET, uri=/api/apiCateAll, status=200
0 {{1 2020-03-28 14:17:21 +0800 CST 2020-04-11 17:23:34 +0800 CST <nil>} 商品管理  }
1 {{2 2020-03-28 14:17:31 +0800 CST 2020-03-28 14:17:31 +0800 CST <nil>} 用户管理 用户管理 }
2 {{3 2020-03-28 14:17:40 +0800 CST 2020-03-28 14:17:40 +0800 CST <nil>} 微信接口 微信接口 }
method=GET, uri=/api/allApi, status=200
数据库链接>>>>>>>> 2020年04-11 18:07:35 

   ____    __
  / __/___/ /  ___
 / _// __/ _ \/ _ \
/___/\__/_//_/\___/ v3.3.10-dev
High performance, minimalist Go web framework
https://echo.labstack.com
____________________________________O/_______
                                    O\
⇨ http server started on [::]:8080

>>>>>>>Base Check>>>>>>>>>
请求方式=POST, uri=/admin/product/cate/add, status=200, 时间:
数据库链接>>>>>>>> 2020年04-11 18:08:22 

   ____    __
  / __/___/ /  ___
 / _// __/ _ \/ _ \
/___/\__/_//_/\___/ v3.3.10-dev
High performance, minimalist Go web framework
https://echo.labstack.com
____________________________________O/_______
                                    O\
⇨ http server started on [::]:8080
请求方式=GET, uri=/h5/admin, status=304, 时间=
0 {{1 2020-03-28 14:17:21 +0800 CST 2020-04-11 17:23:34 +0800 CST <nil>} 商品管理  }
1 {{2 2020-03-28 14:17:31 +0800 CST 2020-03-28 14:17:31 +0800 CST <nil>} 用户管理 用户管理 }
2 {{3 2020-03-28 14:17:40 +0800 CST 2020-03-28 14:17:40 +0800 CST <nil>} 微信接口 微信接口 }
请求方式=GET, uri=/api/allApi, status=200, 时间=
数据库链接>>>>>>>> 2020年04-11 18:08:44 

   ____    __
  / __/___/ /  ___
 / _// __/ _ \/ _ \
/___/\__/_//_/\___/ v3.3.10-dev
High performance, minimalist Go web framework
https://echo.labstack.com
____________________________________O/_______
                                    O\
⇨ http server started on [::]:8080
{"time":"2020-04-11T18:08:48.84509+08:00","id":"","remote_ip":"127.0.0.1","host":"127.0.0.1:8080","method":"GET","uri":"/h5/admin","user_agent":"Mozilla/5.0 (Macintosh; Intel Mac OS X 10_15_4) AppleWebKit/537.36 (KHTML, like Gecko) Chrome/81.0.4044.92 Safari/537.36","status":304,"error":"","latency":210745,"latency_human":"210.745µs","bytes_in":0,"bytes_out":0}
0 {{1 2020-03-28 14:17:21 +0800 CST 2020-04-11 17:23:34 +0800 CST <nil>} 商品管理  }
1 {{2 2020-03-28 14:17:31 +0800 CST 2020-03-28 14:17:31 +0800 CST <nil>} 用户管理 用户管理 }
2 {{3 2020-03-28 14:17:40 +0800 CST 2020-03-28 14:17:40 +0800 CST <nil>} 微信接口 微信接口 }
{"time":"2020-04-11T18:08:49.156271+08:00","id":"","remote_ip":"127.0.0.1","host":"127.0.0.1:8080","method":"GET","uri":"/api/allApi","user_agent":"Mozilla/5.0 (Macintosh; Intel Mac OS X 10_15_4) AppleWebKit/537.36 (KHTML, like Gecko) Chrome/81.0.4044.92 Safari/537.36","status":200,"error":"","latency":4210340,"latency_human":"4.21034ms","bytes_in":0,"bytes_out":4313}

>>>>>>>Base Check>>>>>>>>>
{"time":"2020-04-11T18:10:42.96769+08:00","id":"","remote_ip":"127.0.0.1","host":"127.0.0.1:8080","method":"POST","uri":"/admin/product/cate/add","user_agent":"Mozilla/5.0 (Macintosh; Intel Mac OS X 10_15_4) AppleWebKit/537.36 (KHTML, like Gecko) Chrome/81.0.4044.92 Safari/537.36","status":200,"error":"","latency":544873,"latency_human":"544.873µs","bytes_in":29,"bytes_out":48}

>>>>>>>Base Check>>>>>>>>>
&{1 suke} 过期时间===== 2020年04月12日 16:54:53
{"time":"2020-04-11T18:10:44.852014+08:00","id":"","remote_ip":"127.0.0.1","host":"127.0.0.1:8080","method":"GET","uri":"/admin/product/cate/list","user_agent":"Mozilla/5.0 (Macintosh; Intel Mac OS X 10_15_4) AppleWebKit/537.36 (KHTML, like Gecko) Chrome/81.0.4044.92 Safari/537.36","status":200,"error":"","latency":7281731,"latency_human":"7.281731ms","bytes_in":0,"bytes_out":660}
post json 参数：{{1 10 id_desc} 0}{"time":"2020-04-11T18:10:47.299887+08:00","id":"","remote_ip":"127.0.0.1","host":"127.0.0.1:8080","method":"GET","uri":"/product/list","user_agent":"Mozilla/5.0 (Macintosh; Intel Mac OS X 10_15_4) AppleWebKit/537.36 (KHTML, like Gecko) Chrome/81.0.4044.92 Safari/537.36","status":200,"error":"","latency":1630887,"latency_human":"1.630887ms","bytes_in":0,"bytes_out":958}
post json 参数：{{1 10 id_desc} 0}{"time":"2020-04-11T18:11:01.245638+08:00","id":"","remote_ip":"127.0.0.1","host":"127.0.0.1:8080","method":"GET","uri":"/product/list","user_agent":"Mozilla/5.0 (Macintosh; Intel Mac OS X 10_15_4) AppleWebKit/537.36 (KHTML, like Gecko) Chrome/81.0.4044.92 Safari/537.36","status":200,"error":"","latency":1071679,"latency_human":"1.071679ms","bytes_in":0,"bytes_out":958}
数据库链接>>>>>>>> 2020年04-11 18:13:31 

   ____    __
  / __/___/ /  ___
 / _// __/ _ \/ _ \
/___/\__/_//_/\___/ v3.3.10-dev
High performance, minimalist Go web framework
https://echo.labstack.com
____________________________________O/_______
                                    O\
⇨ http server started on [::]:8080
post json 参数：{{1 10 id_desc} 0}{"time":"2020-04-11T18:13:40.785168+08:00","id":"","remote_ip":"127.0.0.1","host":"127.0.0.1:8080","method":"GET","uri":"/product/list","user_agent":"Mozilla/5.0 (Macintosh; Intel Mac OS X 10_15_4) AppleWebKit/537.36 (KHTML, like Gecko) Chrome/81.0.4044.92 Safari/537.36","status":200,"error":"","latency":1366995,"latency_human":"1.366995ms","bytes_in":0,"bytes_out":958}
post json 参数：{{1 10 id_desc} 0}{"time":"2020-04-11T18:14:06.640911+08:00","id":"","remote_ip":"127.0.0.1","host":"127.0.0.1:8080","method":"GET","uri":"/product/list","user_agent":"Mozilla/5.0 (Macintosh; Intel Mac OS X 10_15_4) AppleWebKit/537.36 (KHTML, like Gecko) Chrome/81.0.4044.92 Safari/537.36","status":200,"error":"","latency":3025102,"latency_human":"3.025102ms","bytes_in":0,"bytes_out":958}
post json 参数：{{1 10 id_desc} 0}{"time":"2020-04-11T18:14:06.856136+08:00","id":"","remote_ip":"127.0.0.1","host":"127.0.0.1:8080","method":"GET","uri":"/product/list","user_agent":"Mozilla/5.0 (Macintosh; Intel Mac OS X 10_15_4) AppleWebKit/537.36 (KHTML, like Gecko) Chrome/81.0.4044.92 Safari/537.36","status":200,"error":"","latency":1348265,"latency_human":"1.348265ms","bytes_in":0,"bytes_out":958}

   ____    __
  / __/___/ /  ___
 / _// __/ _ \/ _ \
/___/\__/_//_/\___/ v3.3.10-dev
High performance, minimalist Go web framework
https://echo.labstack.com
____________________________________O/_______
                                    O\
⇨ http server started on [::]:8080
